[0.167s] DEBUG:colcon:Command line arguments: ['/usr/bin/colcon', 'build', '--packages-select', 'quanser_digital_twin']
[0.167s] DEBUG:colcon:Parsed command line arguments: Namespace(log_base=None, log_level=None, verb_name='build', build_base='build', install_base='install', merge_install=False, symlink_install=False, test_result_base=None, continue_on_error=False, executor='parallel', parallel_workers=12, event_handlers=None, ignore_user_meta=False, metas=['./colcon.meta'], base_paths=['.'], packages_ignore=None, packages_ignore_regex=None, paths=None, packages_up_to=None, packages_up_to_regex=None, packages_above=None, packages_above_and_dependencies=None, packages_above_depth=None, packages_select_by_dep=None, packages_skip_by_dep=None, packages_skip_up_to=None, packages_select_build_failed=False, packages_skip_build_finished=False, packages_select_test_failures=False, packages_skip_test_passed=False, packages_select=['quanser_digital_twin'], packages_skip=None, packages_select_regex=None, packages_skip_regex=None, packages_start=None, packages_end=None, allow_overriding=[], cmake_args=None, cmake_target=None, cmake_target_skip_unavailable=False, cmake_clean_cache=False, cmake_clean_first=False, cmake_force_configure=False, ament_cmake_args=None, catkin_cmake_args=None, catkin_skip_building_tests=False, verb_parser=<colcon_defaults.argument_parser.defaults.DefaultArgumentsDecorator object at 0x7fab925115d0>, verb_extension=<colcon_core.verb.build.BuildVerb object at 0x7fab92510f10>, main=<bound method BuildVerb.main of <colcon_core.verb.build.BuildVerb object at 0x7fab92510f10>>)
[0.540s] Level 1:colcon.colcon_core.package_discovery:discover_packages(colcon_meta) check parameters
[0.540s] Level 1:colcon.colcon_core.package_discovery:discover_packages(recursive) check parameters
[0.540s] Level 1:colcon.colcon_core.package_discovery:discover_packages(ignore) check parameters
[0.540s] Level 1:colcon.colcon_core.package_discovery:discover_packages(path) check parameters
[0.540s] Level 1:colcon.colcon_core.package_discovery:discover_packages(colcon_meta) discover
[0.541s] Level 1:colcon.colcon_core.package_discovery:discover_packages(recursive) discover
[0.541s] INFO:colcon.colcon_core.package_discovery:Crawling recursively for packages in '/home/investigacion/ros2_ws/src/quanser_digital_twin'
[0.541s] Level 1:colcon.colcon_core.package_identification:_identify(.) by extensions ['ignore', 'ignore_ament_install']
[0.541s] Level 1:colcon.colcon_core.package_identification:_identify(.) by extension 'ignore'
[0.541s] Level 1:colcon.colcon_core.package_identification:_identify(.) by extension 'ignore_ament_install'
[0.541s] Level 1:colcon.colcon_core.package_identification:_identify(.) by extensions ['colcon_pkg']
[0.541s] Level 1:colcon.colcon_core.package_identification:_identify(.) by extension 'colcon_pkg'
[0.541s] Level 1:colcon.colcon_core.package_identification:_identify(.) by extensions ['colcon_meta']
[0.541s] Level 1:colcon.colcon_core.package_identification:_identify(.) by extension 'colcon_meta'
[0.541s] Level 1:colcon.colcon_core.package_identification:_identify(.) by extensions ['ros']
[0.541s] Level 1:colcon.colcon_core.package_identification:_identify(.) by extension 'ros'
[0.556s] DEBUG:colcon.colcon_core.package_identification:Package '.' with type 'ros.ament_python' and name 'quanser_digital_twin'
[0.557s] Level 1:colcon.colcon_core.package_discovery:discover_packages(recursive) using defaults
[0.557s] Level 1:colcon.colcon_core.package_discovery:discover_packages(ignore) discover
[0.557s] Level 1:colcon.colcon_core.package_discovery:discover_packages(ignore) using defaults
[0.557s] Level 1:colcon.colcon_core.package_discovery:discover_packages(path) discover
[0.557s] Level 1:colcon.colcon_core.package_discovery:discover_packages(path) using defaults
[0.582s] Level 1:colcon.colcon_core.package_discovery:discover_packages(prefix_path) check parameters
[0.582s] Level 1:colcon.colcon_core.package_discovery:discover_packages(prefix_path) discover
[0.589s] DEBUG:colcon.colcon_installed_package_information.package_discovery:Found 1 installed packages in /home/investigacion/ros2_ws/install
[0.590s] DEBUG:colcon.colcon_installed_package_information.package_discovery:Found 1 installed packages in /home/investigacion/ros2_ws/src/install
[0.591s] DEBUG:colcon.colcon_installed_package_information.package_discovery:Found 289 installed packages in /opt/ros/humble
[0.592s] Level 1:colcon.colcon_core.package_discovery:discover_packages(prefix_path) using defaults
[0.633s] Level 5:colcon.colcon_core.verb:set package 'quanser_digital_twin' build argument 'cmake_args' from command line to 'None'
[0.633s] Level 5:colcon.colcon_core.verb:set package 'quanser_digital_twin' build argument 'cmake_target' from command line to 'None'
[0.633s] Level 5:colcon.colcon_core.verb:set package 'quanser_digital_twin' build argument 'cmake_target_skip_unavailable' from command line to 'False'
[0.633s] Level 5:colcon.colcon_core.verb:set package 'quanser_digital_twin' build argument 'cmake_clean_cache' from command line to 'False'
[0.633s] Level 5:colcon.colcon_core.verb:set package 'quanser_digital_twin' build argument 'cmake_clean_first' from command line to 'False'
[0.633s] Level 5:colcon.colcon_core.verb:set package 'quanser_digital_twin' build argument 'cmake_force_configure' from command line to 'False'
[0.633s] Level 5:colcon.colcon_core.verb:set package 'quanser_digital_twin' build argument 'ament_cmake_args' from command line to 'None'
[0.633s] Level 5:colcon.colcon_core.verb:set package 'quanser_digital_twin' build argument 'catkin_cmake_args' from command line to 'None'
[0.633s] Level 5:colcon.colcon_core.verb:set package 'quanser_digital_twin' build argument 'catkin_skip_building_tests' from command line to 'False'
[0.633s] DEBUG:colcon.colcon_core.verb:Building package 'quanser_digital_twin' with the following arguments: {'ament_cmake_args': None, 'build_base': '/home/investigacion/ros2_ws/src/quanser_digital_twin/build/quanser_digital_twin', 'catkin_cmake_args': None, 'catkin_skip_building_tests': False, 'cmake_args': None, 'cmake_clean_cache': False, 'cmake_clean_first': False, 'cmake_force_configure': False, 'cmake_target': None, 'cmake_target_skip_unavailable': False, 'install_base': '/home/investigacion/ros2_ws/src/quanser_digital_twin/install/quanser_digital_twin', 'merge_install': False, 'path': '/home/investigacion/ros2_ws/src/quanser_digital_twin', 'symlink_install': False, 'test_result_base': None}
[0.633s] INFO:colcon.colcon_core.executor:Executing jobs using 'parallel' executor
[0.634s] DEBUG:colcon.colcon_parallel_executor.executor.parallel:run_until_complete
[0.634s] INFO:colcon.colcon_ros.task.ament_python.build:Building ROS package in '/home/investigacion/ros2_ws/src/quanser_digital_twin' with build type 'ament_python'
[0.634s] Level 1:colcon.colcon_core.shell:create_environment_hook('quanser_digital_twin', 'ament_prefix_path')
[0.640s] INFO:colcon.colcon_core.plugin_system:Skipping extension 'colcon_core.shell.bat': Not used on non-Windows systems
[0.640s] INFO:colcon.colcon_core.shell:Creating environment hook '/home/investigacion/ros2_ws/src/quanser_digital_twin/install/quanser_digital_twin/share/quanser_digital_twin/hook/ament_prefix_path.ps1'
[0.641s] INFO:colcon.colcon_core.shell:Creating environment descriptor '/home/investigacion/ros2_ws/src/quanser_digital_twin/install/quanser_digital_twin/share/quanser_digital_twin/hook/ament_prefix_path.dsv'
[0.642s] INFO:colcon.colcon_core.shell:Creating environment hook '/home/investigacion/ros2_ws/src/quanser_digital_twin/install/quanser_digital_twin/share/quanser_digital_twin/hook/ament_prefix_path.sh'
[0.642s] INFO:colcon.colcon_core.shell:Skip shell extension 'powershell' for command environment: Not usable outside of PowerShell
[0.643s] DEBUG:colcon.colcon_core.shell:Skip shell extension 'dsv' for command environment
[0.905s] WARNING:colcon.colcon_ros.task.ament_python.build:Package 'quanser_digital_twin' doesn't explicitly install a marker in the package index (colcon-ros currently does it implicitly but that fallback will be removed in the future)
[0.905s] INFO:colcon.colcon_core.task.python.build:Building Python package in '/home/investigacion/ros2_ws/src/quanser_digital_twin'
[0.906s] INFO:colcon.colcon_core.shell:Skip shell extension 'powershell' for command environment: Not usable outside of PowerShell
[0.906s] DEBUG:colcon.colcon_core.shell:Skip shell extension 'dsv' for command environment
[1.357s] DEBUG:colcon.colcon_core.event_handler.log_command:Invoking command in '/home/investigacion/ros2_ws/src/quanser_digital_twin': PYTHONPATH=/home/investigacion/ros2_ws/src/quanser_digital_twin/build/quanser_digital_twin/prefix_override:/usr/lib/python3/dist-packages/colcon_core/task/python/colcon_distutils_commands:/home/investigacion/ros2_ws/src/quanser_digital_twin/install/quanser_digital_twin/lib/python3.10/site-packages:${PYTHONPATH} /usr/bin/python3 -W ignore:setup.py install is deprecated setup.py egg_info --egg-base build/quanser_digital_twin build --build-base /home/investigacion/ros2_ws/src/quanser_digital_twin/build/quanser_digital_twin/build install --record /home/investigacion/ros2_ws/src/quanser_digital_twin/build/quanser_digital_twin/install.log --single-version-externally-managed install_data
[1.646s] DEBUG:colcon.colcon_core.event_handler.log_command:Invoked command in '/home/investigacion/ros2_ws/src/quanser_digital_twin' returned '0': PYTHONPATH=/home/investigacion/ros2_ws/src/quanser_digital_twin/build/quanser_digital_twin/prefix_override:/usr/lib/python3/dist-packages/colcon_core/task/python/colcon_distutils_commands:/home/investigacion/ros2_ws/src/quanser_digital_twin/install/quanser_digital_twin/lib/python3.10/site-packages:${PYTHONPATH} /usr/bin/python3 -W ignore:setup.py install is deprecated setup.py egg_info --egg-base build/quanser_digital_twin build --build-base /home/investigacion/ros2_ws/src/quanser_digital_twin/build/quanser_digital_twin/build install --record /home/investigacion/ros2_ws/src/quanser_digital_twin/build/quanser_digital_twin/install.log --single-version-externally-managed install_data
[1.654s] Level 1:colcon.colcon_core.environment:checking '/home/investigacion/ros2_ws/src/quanser_digital_twin/install/quanser_digital_twin' for CMake module files
[1.654s] Level 1:colcon.colcon_core.environment:checking '/home/investigacion/ros2_ws/src/quanser_digital_twin/install/quanser_digital_twin' for CMake config files
[1.655s] Level 1:colcon.colcon_core.environment:checking '/home/investigacion/ros2_ws/src/quanser_digital_twin/install/quanser_digital_twin/lib'
[1.655s] Level 1:colcon.colcon_core.environment:checking '/home/investigacion/ros2_ws/src/quanser_digital_twin/install/quanser_digital_twin/bin'
[1.655s] Level 1:colcon.colcon_core.environment:checking '/home/investigacion/ros2_ws/src/quanser_digital_twin/install/quanser_digital_twin/lib/pkgconfig/quanser_digital_twin.pc'
[1.655s] Level 1:colcon.colcon_core.environment:checking '/home/investigacion/ros2_ws/src/quanser_digital_twin/install/quanser_digital_twin/lib/python3.10/site-packages'
[1.655s] Level 1:colcon.colcon_core.shell:create_environment_hook('quanser_digital_twin', 'pythonpath')
[1.655s] INFO:colcon.colcon_core.shell:Creating environment hook '/home/investigacion/ros2_ws/src/quanser_digital_twin/install/quanser_digital_twin/share/quanser_digital_twin/hook/pythonpath.ps1'
[1.656s] INFO:colcon.colcon_core.shell:Creating environment descriptor '/home/investigacion/ros2_ws/src/quanser_digital_twin/install/quanser_digital_twin/share/quanser_digital_twin/hook/pythonpath.dsv'
[1.656s] INFO:colcon.colcon_core.shell:Creating environment hook '/home/investigacion/ros2_ws/src/quanser_digital_twin/install/quanser_digital_twin/share/quanser_digital_twin/hook/pythonpath.sh'
[1.656s] Level 1:colcon.colcon_core.environment:checking '/home/investigacion/ros2_ws/src/quanser_digital_twin/install/quanser_digital_twin/bin'
[1.656s] Level 1:colcon.colcon_core.environment:create_environment_scripts_only(quanser_digital_twin)
[1.656s] INFO:colcon.colcon_core.shell:Creating package script '/home/investigacion/ros2_ws/src/quanser_digital_twin/install/quanser_digital_twin/share/quanser_digital_twin/package.ps1'
[1.657s] INFO:colcon.colcon_core.shell:Creating package descriptor '/home/investigacion/ros2_ws/src/quanser_digital_twin/install/quanser_digital_twin/share/quanser_digital_twin/package.dsv'
[1.658s] INFO:colcon.colcon_core.shell:Creating package script '/home/investigacion/ros2_ws/src/quanser_digital_twin/install/quanser_digital_twin/share/quanser_digital_twin/package.sh'
[1.659s] INFO:colcon.colcon_core.shell:Creating package script '/home/investigacion/ros2_ws/src/quanser_digital_twin/install/quanser_digital_twin/share/quanser_digital_twin/package.bash'
[1.660s] INFO:colcon.colcon_core.shell:Creating package script '/home/investigacion/ros2_ws/src/quanser_digital_twin/install/quanser_digital_twin/share/quanser_digital_twin/package.zsh'
[1.662s] Level 1:colcon.colcon_core.environment:create_file_with_runtime_dependencies(/home/investigacion/ros2_ws/src/quanser_digital_twin/install/quanser_digital_twin/share/colcon-core/packages/quanser_digital_twin)
[1.662s] DEBUG:colcon.colcon_parallel_executor.executor.parallel:closing loop
[1.662s] DEBUG:colcon.colcon_parallel_executor.executor.parallel:loop closed
[1.663s] DEBUG:colcon.colcon_parallel_executor.executor.parallel:run_until_complete finished with '0'
[1.663s] DEBUG:colcon.colcon_core.event_reactor:joining thread
[1.668s] INFO:colcon.colcon_core.plugin_system:Skipping extension 'colcon_notification.desktop_notification.terminal_notifier': Not used on non-Darwin systems
[1.668s] INFO:colcon.colcon_core.plugin_system:Skipping extension 'colcon_notification.desktop_notification.win32': Not used on non-Windows systems
[1.668s] INFO:colcon.colcon_notification.desktop_notification:Sending desktop notification using 'notify2'
[1.681s] DEBUG:colcon.colcon_core.event_reactor:joined thread
[1.682s] INFO:colcon.colcon_core.shell:Creating prefix script '/home/investigacion/ros2_ws/src/quanser_digital_twin/install/local_setup.ps1'
[1.683s] INFO:colcon.colcon_core.shell:Creating prefix util module '/home/investigacion/ros2_ws/src/quanser_digital_twin/install/_local_setup_util_ps1.py'
[1.684s] INFO:colcon.colcon_core.shell:Creating prefix chain script '/home/investigacion/ros2_ws/src/quanser_digital_twin/install/setup.ps1'
[1.685s] INFO:colcon.colcon_core.shell:Creating prefix script '/home/investigacion/ros2_ws/src/quanser_digital_twin/install/local_setup.sh'
[1.686s] INFO:colcon.colcon_core.shell:Creating prefix util module '/home/investigacion/ros2_ws/src/quanser_digital_twin/install/_local_setup_util_sh.py'
[1.687s] INFO:colcon.colcon_core.shell:Creating prefix chain script '/home/investigacion/ros2_ws/src/quanser_digital_twin/install/setup.sh'
[1.688s] INFO:colcon.colcon_core.shell:Creating prefix script '/home/investigacion/ros2_ws/src/quanser_digital_twin/install/local_setup.bash'
[1.688s] INFO:colcon.colcon_core.shell:Creating prefix chain script '/home/investigacion/ros2_ws/src/quanser_digital_twin/install/setup.bash'
[1.689s] INFO:colcon.colcon_core.shell:Creating prefix script '/home/investigacion/ros2_ws/src/quanser_digital_twin/install/local_setup.zsh'
[1.690s] INFO:colcon.colcon_core.shell:Creating prefix chain script '/home/investigacion/ros2_ws/src/quanser_digital_twin/install/setup.zsh'
