/home/investigacion/ros2_ws/src/quanser_digital_twin/install/quanser_digital_twin/lib/python3.10/site-packages/quanser_digital_twin/motor_sim_theoretical.py
/home/investigacion/ros2_ws/src/quanser_digital_twin/install/quanser_digital_twin/lib/python3.10/site-packages/quanser_digital_twin/__init__.py
/home/investigacion/ros2_ws/src/quanser_digital_twin/install/quanser_digital_twin/lib/python3.10/site-packages/quanser_digital_twin/motor_sim_node.py
/home/investigacion/ros2_ws/src/quanser_digital_twin/install/quanser_digital_twin/lib/python3.10/site-packages/quanser_digital_twin/pid_controller_node.py
/home/investigacion/ros2_ws/src/quanser_digital_twin/install/quanser_digital_twin/lib/python3.10/site-packages/quanser_digital_twin/__pycache__/motor_sim_theoretical.cpython-310.pyc
/home/investigacion/ros2_ws/src/quanser_digital_twin/install/quanser_digital_twin/lib/python3.10/site-packages/quanser_digital_twin/__pycache__/__init__.cpython-310.pyc
/home/investigacion/ros2_ws/src/quanser_digital_twin/install/quanser_digital_twin/lib/python3.10/site-packages/quanser_digital_twin/__pycache__/motor_sim_node.cpython-310.pyc
/home/investigacion/ros2_ws/src/quanser_digital_twin/install/quanser_digital_twin/lib/python3.10/site-packages/quanser_digital_twin/__pycache__/pid_controller_node.cpython-310.pyc
/home/investigacion/ros2_ws/src/quanser_digital_twin/install/quanser_digital_twin/share/quanser_digital_twin/package.xml
/home/investigacion/ros2_ws/src/quanser_digital_twin/install/quanser_digital_twin/share/quanser_digital_twin/launch/motor_sim.launch.py
/home/investigacion/ros2_ws/src/quanser_digital_twin/install/quanser_digital_twin/share/quanser_digital_twin/launch/motor_sim_theoretical.launch.py
/home/investigacion/ros2_ws/src/quanser_digital_twin/install/quanser_digital_twin/lib/python3.10/site-packages/quanser_digital_twin-0.0.1-py3.10.egg-info/PKG-INFO
/home/investigacion/ros2_ws/src/quanser_digital_twin/install/quanser_digital_twin/lib/python3.10/site-packages/quanser_digital_twin-0.0.1-py3.10.egg-info/zip-safe
/home/investigacion/ros2_ws/src/quanser_digital_twin/install/quanser_digital_twin/lib/python3.10/site-packages/quanser_digital_twin-0.0.1-py3.10.egg-info/entry_points.txt
/home/investigacion/ros2_ws/src/quanser_digital_twin/install/quanser_digital_twin/lib/python3.10/site-packages/quanser_digital_twin-0.0.1-py3.10.egg-info/requires.txt
/home/investigacion/ros2_ws/src/quanser_digital_twin/install/quanser_digital_twin/lib/python3.10/site-packages/quanser_digital_twin-0.0.1-py3.10.egg-info/SOURCES.txt
/home/investigacion/ros2_ws/src/quanser_digital_twin/install/quanser_digital_twin/lib/python3.10/site-packages/quanser_digital_twin-0.0.1-py3.10.egg-info/top_level.txt
/home/investigacion/ros2_ws/src/quanser_digital_twin/install/quanser_digital_twin/lib/python3.10/site-packages/quanser_digital_twin-0.0.1-py3.10.egg-info/dependency_links.txt
/home/investigacion/ros2_ws/src/quanser_digital_twin/install/quanser_digital_twin/lib/quanser_digital_twin/motor_sim_node
/home/investigacion/ros2_ws/src/quanser_digital_twin/install/quanser_digital_twin/lib/quanser_digital_twin/motor_sim_theoretical_node
/home/investigacion/ros2_ws/src/quanser_digital_twin/install/quanser_digital_twin/lib/quanser_digital_twin/pid_controller_node
